Analysis & Synthesis report for vga_driver_memory
Thu Oct 31 10:18:31 2024
Quartus Prime Version 23.1std.1 Build 993 05/14/2024 SC Lite Edition


---------------------
; Table of Contents ;
---------------------
  1. Legal Notice
  2. Analysis & Synthesis Summary
  3. Analysis & Synthesis Settings
  4. Parallel Compilation
  5. Analysis & Synthesis Source Files Read
  6. Analysis & Synthesis Resource Usage Summary
  7. Analysis & Synthesis Resource Utilization by Entity
  8. General Register Statistics
  9. Inverted Register Statistics
 10. Parameter Settings for User Entity Instance: vga_driver:the_vga
 11. Port Connectivity Checks: "vga_driver:the_vga"
 12. Post-Synthesis Netlist Statistics for Top Partition
 13. Elapsed Time Per Partition
 14. Analysis & Synthesis Messages
 15. Analysis & Synthesis Suppressed Messages



----------------
; Legal Notice ;
----------------
Copyright (C) 2024  Intel Corporation. All rights reserved.
Your use of Intel Corporation's design tools, logic functions 
and other software and tools, and any partner logic 
functions, and any output files from any of the foregoing 
(including device programming or simulation files), and any 
associated documentation or information are expressly subject 
to the terms and conditions of the Intel Program License 
Subscription Agreement, the Intel Quartus Prime License Agreement,
the Intel FPGA IP License Agreement, or other applicable license
agreement, including, without limitation, that your use is for
the sole purpose of programming logic devices manufactured by
Intel and sold by Intel or its authorized distributors.  Please
refer to the applicable agreement for further details, at
https://fpgasoftware.intel.com/eula.



+----------------------------------------------------------------------------------+
; Analysis & Synthesis Summary                                                     ;
+---------------------------------+------------------------------------------------+
; Analysis & Synthesis Status     ; Successful - Thu Oct 31 10:18:31 2024          ;
; Quartus Prime Version           ; 23.1std.1 Build 993 05/14/2024 SC Lite Edition ;
; Revision Name                   ; vga_driver_memory                              ;
; Top-level Entity Name           ; vga_driver_memory                              ;
; Family                          ; Cyclone V                                      ;
; Logic utilization (in ALMs)     ; N/A                                            ;
; Total registers                 ; 46                                             ;
; Total pins                      ; 82                                             ;
; Total virtual pins              ; 0                                              ;
; Total block memory bits         ; 0                                              ;
; Total DSP Blocks                ; 0                                              ;
; Total HSSI RX PCSs              ; 0                                              ;
; Total HSSI PMA RX Deserializers ; 0                                              ;
; Total HSSI TX PCSs              ; 0                                              ;
; Total HSSI PMA TX Serializers   ; 0                                              ;
; Total PLLs                      ; 0                                              ;
; Total DLLs                      ; 0                                              ;
+---------------------------------+------------------------------------------------+


+---------------------------------------------------------------------------------------------------------------------------+
; Analysis & Synthesis Settings                                                                                             ;
+---------------------------------------------------------------------------------+--------------------+--------------------+
; Option                                                                          ; Setting            ; Default Value      ;
+---------------------------------------------------------------------------------+--------------------+--------------------+
; Device                                                                          ; 5CSEMA5F31C6       ;                    ;
; Top-level entity name                                                           ; vga_driver_memory  ; vga_driver_memory  ;
; Family name                                                                     ; Cyclone V          ; Cyclone V          ;
; Maximum processors allowed for parallel compilation                             ; All                ;                    ;
; Use smart compilation                                                           ; Off                ; Off                ;
; Enable parallel Assembler and Timing Analyzer during compilation                ; On                 ; On                 ;
; Enable compact report table                                                     ; Off                ; Off                ;
; Restructure Multiplexers                                                        ; Auto               ; Auto               ;
; MLAB Add Timing Constraints For Mixed-Port Feed-Through Mode Setting Don't Care ; Off                ; Off                ;
; Create Debugging Nodes for IP Cores                                             ; Off                ; Off                ;
; Preserve fewer node names                                                       ; On                 ; On                 ;
; Intel FPGA IP Evaluation Mode                                                   ; Enable             ; Enable             ;
; Verilog Version                                                                 ; Verilog_2001       ; Verilog_2001       ;
; VHDL Version                                                                    ; VHDL_1993          ; VHDL_1993          ;
; State Machine Processing                                                        ; Auto               ; Auto               ;
; Safe State Machine                                                              ; Off                ; Off                ;
; Extract Verilog State Machines                                                  ; On                 ; On                 ;
; Extract VHDL State Machines                                                     ; On                 ; On                 ;
; Ignore Verilog initial constructs                                               ; Off                ; Off                ;
; Iteration limit for constant Verilog loops                                      ; 5000               ; 5000               ;
; Iteration limit for non-constant Verilog loops                                  ; 250                ; 250                ;
; Add Pass-Through Logic to Inferred RAMs                                         ; On                 ; On                 ;
; Infer RAMs from Raw Logic                                                       ; On                 ; On                 ;
; Parallel Synthesis                                                              ; On                 ; On                 ;
; DSP Block Balancing                                                             ; Auto               ; Auto               ;
; NOT Gate Push-Back                                                              ; On                 ; On                 ;
; Power-Up Don't Care                                                             ; On                 ; On                 ;
; Remove Redundant Logic Cells                                                    ; Off                ; Off                ;
; Remove Duplicate Registers                                                      ; On                 ; On                 ;
; Ignore CARRY Buffers                                                            ; Off                ; Off                ;
; Ignore CASCADE Buffers                                                          ; Off                ; Off                ;
; Ignore GLOBAL Buffers                                                           ; Off                ; Off                ;
; Ignore ROW GLOBAL Buffers                                                       ; Off                ; Off                ;
; Ignore LCELL Buffers                                                            ; Off                ; Off                ;
; Ignore SOFT Buffers                                                             ; On                 ; On                 ;
; Limit AHDL Integers to 32 Bits                                                  ; Off                ; Off                ;
; Optimization Technique                                                          ; Balanced           ; Balanced           ;
; Carry Chain Length                                                              ; 70                 ; 70                 ;
; Auto Carry Chains                                                               ; On                 ; On                 ;
; Auto Open-Drain Pins                                                            ; On                 ; On                 ;
; Perform WYSIWYG Primitive Resynthesis                                           ; Off                ; Off                ;
; Auto ROM Replacement                                                            ; On                 ; On                 ;
; Auto RAM Replacement                                                            ; On                 ; On                 ;
; Auto DSP Block Replacement                                                      ; On                 ; On                 ;
; Auto Shift Register Replacement                                                 ; Auto               ; Auto               ;
; Allow Shift Register Merging across Hierarchies                                 ; Auto               ; Auto               ;
; Auto Clock Enable Replacement                                                   ; On                 ; On                 ;
; Strict RAM Replacement                                                          ; Off                ; Off                ;
; Allow Synchronous Control Signals                                               ; On                 ; On                 ;
; Force Use of Synchronous Clear Signals                                          ; Off                ; Off                ;
; Auto Resource Sharing                                                           ; Off                ; Off                ;
; Allow Any RAM Size For Recognition                                              ; Off                ; Off                ;
; Allow Any ROM Size For Recognition                                              ; Off                ; Off                ;
; Allow Any Shift Register Size For Recognition                                   ; Off                ; Off                ;
; Use LogicLock Constraints during Resource Balancing                             ; On                 ; On                 ;
; Ignore translate_off and synthesis_off directives                               ; Off                ; Off                ;
; Timing-Driven Synthesis                                                         ; On                 ; On                 ;
; Report Parameter Settings                                                       ; On                 ; On                 ;
; Report Source Assignments                                                       ; On                 ; On                 ;
; Report Connectivity Checks                                                      ; On                 ; On                 ;
; Ignore Maximum Fan-Out Assignments                                              ; Off                ; Off                ;
; Synchronization Register Chain Length                                           ; 3                  ; 3                  ;
; Power Optimization During Synthesis                                             ; Normal compilation ; Normal compilation ;
; HDL message level                                                               ; Level2             ; Level2             ;
; Suppress Register Optimization Related Messages                                 ; Off                ; Off                ;
; Number of Removed Registers Reported in Synthesis Report                        ; 5000               ; 5000               ;
; Number of Swept Nodes Reported in Synthesis Report                              ; 5000               ; 5000               ;
; Number of Inverted Registers Reported in Synthesis Report                       ; 100                ; 100                ;
; Clock MUX Protection                                                            ; On                 ; On                 ;
; Auto Gated Clock Conversion                                                     ; Off                ; Off                ;
; Block Design Naming                                                             ; Auto               ; Auto               ;
; SDC constraint protection                                                       ; Off                ; Off                ;
; Synthesis Effort                                                                ; Auto               ; Auto               ;
; Shift Register Replacement - Allow Asynchronous Clear Signal                    ; On                 ; On                 ;
; Pre-Mapping Resynthesis Optimization                                            ; Off                ; Off                ;
; Analysis & Synthesis Message Level                                              ; Medium             ; Medium             ;
; Disable Register Merging Across Hierarchies                                     ; Auto               ; Auto               ;
; Resource Aware Inference For Block RAM                                          ; On                 ; On                 ;
; Automatic Parallel Synthesis                                                    ; On                 ; On                 ;
; Partial Reconfiguration Bitstream ID                                            ; Off                ; Off                ;
+---------------------------------------------------------------------------------+--------------------+--------------------+


+------------------------------------------+
; Parallel Compilation                     ;
+----------------------------+-------------+
; Processors                 ; Number      ;
+----------------------------+-------------+
; Number detected on machine ; 28          ;
; Maximum allowed            ; 16          ;
;                            ;             ;
; Average used               ; 1.00        ;
; Maximum used               ; 16          ;
;                            ;             ;
; Usage by Processor         ; % Time Used ;
;     Processor 1            ; 100.0%      ;
;     Processors 2-16        ;   0.0%      ;
+----------------------------+-------------+


+----------------------------------------------------------------------------------------------------------------------------------------------------------------------------------------------------------------------+
; Analysis & Synthesis Source Files Read                                                                                                                                                                               ;
+----------------------------------+-----------------+------------------------+------------------------------------------------------------------------------------------------------------------------------+---------+
; File Name with User-Entered Path ; Used in Netlist ; File Type              ; File Name with Absolute Path                                                                                                 ; Library ;
+----------------------------------+-----------------+------------------------+------------------------------------------------------------------------------------------------------------------------------+---------+
; vga_driver_memory.v              ; yes             ; User Verilog HDL File  ; H:/TEACHING/ECE_287/FALL_2024/LABS/FALL_12_LABS_DE1_SOC/VGA_ON_DE1_SOC_from_last_years/vga_driver_memory/vga_driver_memory.v ;         ;
; vga_driver.v                     ; yes             ; User Verilog HDL File  ; H:/TEACHING/ECE_287/FALL_2024/LABS/FALL_12_LABS_DE1_SOC/VGA_ON_DE1_SOC_from_last_years/vga_driver_memory/vga_driver.v        ;         ;
+----------------------------------+-----------------+------------------------+------------------------------------------------------------------------------------------------------------------------------+---------+


+--------------------------------------------------------------+
; Analysis & Synthesis Resource Usage Summary                  ;
+---------------------------------------------+----------------+
; Resource                                    ; Usage          ;
+---------------------------------------------+----------------+
; Estimate of Logic utilization (ALMs needed) ; 42             ;
;                                             ;                ;
; Combinational ALUT usage for logic          ; 81             ;
;     -- 7 input functions                    ; 0              ;
;     -- 6 input functions                    ; 2              ;
;     -- 5 input functions                    ; 4              ;
;     -- 4 input functions                    ; 6              ;
;     -- <=3 input functions                  ; 69             ;
;                                             ;                ;
; Dedicated logic registers                   ; 46             ;
;                                             ;                ;
; I/O pins                                    ; 82             ;
;                                             ;                ;
; Total DSP Blocks                            ; 0              ;
;                                             ;                ;
; Maximum fan-out node                        ; CLOCK_50~input ;
; Maximum fan-out                             ; 46             ;
; Total fan-out                               ; 482            ;
; Average fan-out                             ; 1.66           ;
+---------------------------------------------+----------------+


+----------------------------------------------------------------------------------------------------------------------------------------------------------------------------------------------------------------+
; Analysis & Synthesis Resource Utilization by Entity                                                                                                                                                            ;
+----------------------------+---------------------+---------------------------+-------------------+------------+------+--------------+---------------------------------------+-------------------+--------------+
; Compilation Hierarchy Node ; Combinational ALUTs ; Dedicated Logic Registers ; Block Memory Bits ; DSP Blocks ; Pins ; Virtual Pins ; Full Hierarchy Name                   ; Entity Name       ; Library Name ;
+----------------------------+---------------------+---------------------------+-------------------+------------+------+--------------+---------------------------------------+-------------------+--------------+
; |vga_driver_memory         ; 81 (48)             ; 46 (25)                   ; 0                 ; 0          ; 82   ; 0            ; |vga_driver_memory                    ; vga_driver_memory ; work         ;
;    |vga_driver:the_vga|    ; 33 (33)             ; 21 (21)                   ; 0                 ; 0          ; 0    ; 0            ; |vga_driver_memory|vga_driver:the_vga ; vga_driver        ; work         ;
+----------------------------+---------------------+---------------------------+-------------------+------------+------+--------------+---------------------------------------+-------------------+--------------+
Note: For table entries with two numbers listed, the numbers in parentheses indicate the number of resources of the given type used by the specific entity alone. The numbers listed outside of parentheses indicate the total resources of the given type used by the specific entity and all of its sub-entities in the hierarchy.


+------------------------------------------------------+
; General Register Statistics                          ;
+----------------------------------------------+-------+
; Statistic                                    ; Value ;
+----------------------------------------------+-------+
; Total registers                              ; 46    ;
; Number of registers using Synchronous Clear  ; 20    ;
; Number of registers using Synchronous Load   ; 0     ;
; Number of registers using Asynchronous Clear ; 46    ;
; Number of registers using Asynchronous Load  ; 0     ;
; Number of registers using Clock Enable       ; 44    ;
; Number of registers using Preset             ; 0     ;
+----------------------------------------------+-------+


+---------------------------------------------------+
; Inverted Register Statistics                      ;
+-----------------------------------------+---------+
; Inverted Register                       ; Fan out ;
+-----------------------------------------+---------+
; vga_color[0]                            ; 3       ;
; vga_color[1]                            ; 2       ;
; vga_color[2]                            ; 2       ;
; vga_color[3]                            ; 2       ;
; vga_color[4]                            ; 2       ;
; vga_color[5]                            ; 2       ;
; vga_color[6]                            ; 2       ;
; vga_color[7]                            ; 2       ;
; vga_color[8]                            ; 2       ;
; vga_color[9]                            ; 2       ;
; vga_color[10]                           ; 2       ;
; vga_color[11]                           ; 2       ;
; vga_color[12]                           ; 2       ;
; vga_color[13]                           ; 2       ;
; vga_color[14]                           ; 2       ;
; vga_color[15]                           ; 2       ;
; vga_color[16]                           ; 2       ;
; vga_color[17]                           ; 2       ;
; vga_color[18]                           ; 2       ;
; vga_color[19]                           ; 2       ;
; vga_color[20]                           ; 2       ;
; vga_color[21]                           ; 2       ;
; vga_color[22]                           ; 2       ;
; vga_color[23]                           ; 2       ;
; Total number of inverted registers = 24 ;         ;
+-----------------------------------------+---------+


+---------------------------------------------------------------------+
; Parameter Settings for User Entity Instance: vga_driver:the_vga     ;
+----------------+----------------------------------+-----------------+
; Parameter Name ; Value                            ; Type            ;
+----------------+----------------------------------+-----------------+
; HA_END         ; 1001111111                       ; Unsigned Binary ;
; HS_STA         ; 00000000000000000000001010001111 ; Unsigned Binary ;
; HS_END         ; 00000000000000000000001011101111 ; Unsigned Binary ;
; WIDTH          ; 1100011111                       ; Unsigned Binary ;
; VA_END         ; 0111011111                       ; Unsigned Binary ;
; VS_STA         ; 00000000000000000000000111101001 ; Unsigned Binary ;
; VS_END         ; 00000000000000000000000111101011 ; Unsigned Binary ;
; HEIGHT         ; 1000001100                       ; Unsigned Binary ;
+----------------+----------------------------------+-----------------+
Note: In order to hide this table in the UI and the text report file, please set the "Show Parameter Settings in Synthesis Report" option in "Analysis and Synthesis Settings -> More Settings" to "Off".


+------------------------------------------------------------------------------------------------------------------+
; Port Connectivity Checks: "vga_driver:the_vga"                                                                   ;
+--------+--------+----------+-------------------------------------------------------------------------------------+
; Port   ; Type   ; Severity ; Details                                                                             ;
+--------+--------+----------+-------------------------------------------------------------------------------------+
; xPixel ; Output ; Info     ; Connected to dangling logic. Logic that only feeds a dangling port will be removed. ;
; yPixel ; Output ; Info     ; Connected to dangling logic. Logic that only feeds a dangling port will be removed. ;
+--------+--------+----------+-------------------------------------------------------------------------------------+


+-----------------------------------------------------+
; Post-Synthesis Netlist Statistics for Top Partition ;
+-----------------------+-----------------------------+
; Type                  ; Count                       ;
+-----------------------+-----------------------------+
; arriav_ff             ; 46                          ;
;     CLR               ; 2                           ;
;     ENA CLR           ; 24                          ;
;     ENA CLR SCLR      ; 20                          ;
; arriav_lcell_comb     ; 108                         ;
;     arith             ; 43                          ;
;         1 data inputs ; 42                          ;
;         2 data inputs ; 1                           ;
;     normal            ; 65                          ;
;         0 data inputs ; 2                           ;
;         1 data inputs ; 50                          ;
;         3 data inputs ; 1                           ;
;         4 data inputs ; 6                           ;
;         5 data inputs ; 4                           ;
;         6 data inputs ; 2                           ;
; boundary_port         ; 82                          ;
;                       ;                             ;
; Max LUT depth         ; 4.20                        ;
; Average LUT depth     ; 2.43                        ;
+-----------------------+-----------------------------+


+-------------------------------+
; Elapsed Time Per Partition    ;
+----------------+--------------+
; Partition Name ; Elapsed Time ;
+----------------+--------------+
; Top            ; 00:00:00     ;
+----------------+--------------+


+-------------------------------+
; Analysis & Synthesis Messages ;
+-------------------------------+
Info: *******************************************************************
Info: Running Quartus Prime Analysis & Synthesis
    Info: Version 23.1std.1 Build 993 05/14/2024 SC Lite Edition
    Info: Processing started: Thu Oct 31 10:18:22 2024
Info: Command: quartus_map --read_settings_files=on --write_settings_files=off vga_driver_memory -c vga_driver_memory
Info (20030): Parallel compilation is enabled and will use 16 of the 20 processors detected
Info (12021): Found 1 design units, including 1 entities, in source file vga_driver_memory.v
    Info (12023): Found entity 1: vga_driver_memory File: H:/TEACHING/ECE_287/FALL_2024/LABS/FALL_12_LABS_DE1_SOC/VGA_ON_DE1_SOC_from_last_years/vga_driver_memory/vga_driver_memory.v Line: 1
Info (12021): Found 1 design units, including 1 entities, in source file vga_driver.v
    Info (12023): Found entity 1: vga_driver File: H:/TEACHING/ECE_287/FALL_2024/LABS/FALL_12_LABS_DE1_SOC/VGA_ON_DE1_SOC_from_last_years/vga_driver_memory/vga_driver.v Line: 6
Info (12127): Elaborating entity "vga_driver_memory" for the top level hierarchy
Warning (10034): Output port "LEDR[9..2]" at vga_driver_memory.v(55) has no driver File: H:/TEACHING/ECE_287/FALL_2024/LABS/FALL_12_LABS_DE1_SOC/VGA_ON_DE1_SOC_from_last_years/vga_driver_memory/vga_driver_memory.v Line: 55
Info (12128): Elaborating entity "vga_driver" for hierarchy "vga_driver:the_vga" File: H:/TEACHING/ECE_287/FALL_2024/LABS/FALL_12_LABS_DE1_SOC/VGA_ON_DE1_SOC_from_last_years/vga_driver_memory/vga_driver_memory.v Line: 127
Warning (13024): Output pins are stuck at VCC or GND
    Warning (13410): Pin "HEX0[0]" is stuck at GND File: H:/TEACHING/ECE_287/FALL_2024/LABS/FALL_12_LABS_DE1_SOC/VGA_ON_DE1_SOC_from_last_years/vga_driver_memory/vga_driver_memory.v Line: 40
    Warning (13410): Pin "HEX0[1]" is stuck at GND File: H:/TEACHING/ECE_287/FALL_2024/LABS/FALL_12_LABS_DE1_SOC/VGA_ON_DE1_SOC_from_last_years/vga_driver_memory/vga_driver_memory.v Line: 40
    Warning (13410): Pin "HEX0[2]" is stuck at GND File: H:/TEACHING/ECE_287/FALL_2024/LABS/FALL_12_LABS_DE1_SOC/VGA_ON_DE1_SOC_from_last_years/vga_driver_memory/vga_driver_memory.v Line: 40
    Warning (13410): Pin "HEX0[3]" is stuck at GND File: H:/TEACHING/ECE_287/FALL_2024/LABS/FALL_12_LABS_DE1_SOC/VGA_ON_DE1_SOC_from_last_years/vga_driver_memory/vga_driver_memory.v Line: 40
    Warning (13410): Pin "HEX0[4]" is stuck at GND File: H:/TEACHING/ECE_287/FALL_2024/LABS/FALL_12_LABS_DE1_SOC/VGA_ON_DE1_SOC_from_last_years/vga_driver_memory/vga_driver_memory.v Line: 40
    Warning (13410): Pin "HEX0[5]" is stuck at GND File: H:/TEACHING/ECE_287/FALL_2024/LABS/FALL_12_LABS_DE1_SOC/VGA_ON_DE1_SOC_from_last_years/vga_driver_memory/vga_driver_memory.v Line: 40
    Warning (13410): Pin "HEX0[6]" is stuck at GND File: H:/TEACHING/ECE_287/FALL_2024/LABS/FALL_12_LABS_DE1_SOC/VGA_ON_DE1_SOC_from_last_years/vga_driver_memory/vga_driver_memory.v Line: 40
    Warning (13410): Pin "HEX1[0]" is stuck at GND File: H:/TEACHING/ECE_287/FALL_2024/LABS/FALL_12_LABS_DE1_SOC/VGA_ON_DE1_SOC_from_last_years/vga_driver_memory/vga_driver_memory.v Line: 41
    Warning (13410): Pin "HEX1[1]" is stuck at GND File: H:/TEACHING/ECE_287/FALL_2024/LABS/FALL_12_LABS_DE1_SOC/VGA_ON_DE1_SOC_from_last_years/vga_driver_memory/vga_driver_memory.v Line: 41
    Warning (13410): Pin "HEX1[2]" is stuck at GND File: H:/TEACHING/ECE_287/FALL_2024/LABS/FALL_12_LABS_DE1_SOC/VGA_ON_DE1_SOC_from_last_years/vga_driver_memory/vga_driver_memory.v Line: 41
    Warning (13410): Pin "HEX1[3]" is stuck at GND File: H:/TEACHING/ECE_287/FALL_2024/LABS/FALL_12_LABS_DE1_SOC/VGA_ON_DE1_SOC_from_last_years/vga_driver_memory/vga_driver_memory.v Line: 41
    Warning (13410): Pin "HEX1[4]" is stuck at GND File: H:/TEACHING/ECE_287/FALL_2024/LABS/FALL_12_LABS_DE1_SOC/VGA_ON_DE1_SOC_from_last_years/vga_driver_memory/vga_driver_memory.v Line: 41
    Warning (13410): Pin "HEX1[5]" is stuck at GND File: H:/TEACHING/ECE_287/FALL_2024/LABS/FALL_12_LABS_DE1_SOC/VGA_ON_DE1_SOC_from_last_years/vga_driver_memory/vga_driver_memory.v Line: 41
    Warning (13410): Pin "HEX1[6]" is stuck at GND File: H:/TEACHING/ECE_287/FALL_2024/LABS/FALL_12_LABS_DE1_SOC/VGA_ON_DE1_SOC_from_last_years/vga_driver_memory/vga_driver_memory.v Line: 41
    Warning (13410): Pin "HEX2[0]" is stuck at GND File: H:/TEACHING/ECE_287/FALL_2024/LABS/FALL_12_LABS_DE1_SOC/VGA_ON_DE1_SOC_from_last_years/vga_driver_memory/vga_driver_memory.v Line: 42
    Warning (13410): Pin "HEX2[1]" is stuck at GND File: H:/TEACHING/ECE_287/FALL_2024/LABS/FALL_12_LABS_DE1_SOC/VGA_ON_DE1_SOC_from_last_years/vga_driver_memory/vga_driver_memory.v Line: 42
    Warning (13410): Pin "HEX2[2]" is stuck at GND File: H:/TEACHING/ECE_287/FALL_2024/LABS/FALL_12_LABS_DE1_SOC/VGA_ON_DE1_SOC_from_last_years/vga_driver_memory/vga_driver_memory.v Line: 42
    Warning (13410): Pin "HEX2[3]" is stuck at GND File: H:/TEACHING/ECE_287/FALL_2024/LABS/FALL_12_LABS_DE1_SOC/VGA_ON_DE1_SOC_from_last_years/vga_driver_memory/vga_driver_memory.v Line: 42
    Warning (13410): Pin "HEX2[4]" is stuck at GND File: H:/TEACHING/ECE_287/FALL_2024/LABS/FALL_12_LABS_DE1_SOC/VGA_ON_DE1_SOC_from_last_years/vga_driver_memory/vga_driver_memory.v Line: 42
    Warning (13410): Pin "HEX2[5]" is stuck at GND File: H:/TEACHING/ECE_287/FALL_2024/LABS/FALL_12_LABS_DE1_SOC/VGA_ON_DE1_SOC_from_last_years/vga_driver_memory/vga_driver_memory.v Line: 42
    Warning (13410): Pin "HEX2[6]" is stuck at GND File: H:/TEACHING/ECE_287/FALL_2024/LABS/FALL_12_LABS_DE1_SOC/VGA_ON_DE1_SOC_from_last_years/vga_driver_memory/vga_driver_memory.v Line: 42
    Warning (13410): Pin "HEX3[0]" is stuck at GND File: H:/TEACHING/ECE_287/FALL_2024/LABS/FALL_12_LABS_DE1_SOC/VGA_ON_DE1_SOC_from_last_years/vga_driver_memory/vga_driver_memory.v Line: 43
    Warning (13410): Pin "HEX3[1]" is stuck at GND File: H:/TEACHING/ECE_287/FALL_2024/LABS/FALL_12_LABS_DE1_SOC/VGA_ON_DE1_SOC_from_last_years/vga_driver_memory/vga_driver_memory.v Line: 43
    Warning (13410): Pin "HEX3[2]" is stuck at GND File: H:/TEACHING/ECE_287/FALL_2024/LABS/FALL_12_LABS_DE1_SOC/VGA_ON_DE1_SOC_from_last_years/vga_driver_memory/vga_driver_memory.v Line: 43
    Warning (13410): Pin "HEX3[3]" is stuck at GND File: H:/TEACHING/ECE_287/FALL_2024/LABS/FALL_12_LABS_DE1_SOC/VGA_ON_DE1_SOC_from_last_years/vga_driver_memory/vga_driver_memory.v Line: 43
    Warning (13410): Pin "HEX3[4]" is stuck at GND File: H:/TEACHING/ECE_287/FALL_2024/LABS/FALL_12_LABS_DE1_SOC/VGA_ON_DE1_SOC_from_last_years/vga_driver_memory/vga_driver_memory.v Line: 43
    Warning (13410): Pin "HEX3[5]" is stuck at GND File: H:/TEACHING/ECE_287/FALL_2024/LABS/FALL_12_LABS_DE1_SOC/VGA_ON_DE1_SOC_from_last_years/vga_driver_memory/vga_driver_memory.v Line: 43
    Warning (13410): Pin "HEX3[6]" is stuck at GND File: H:/TEACHING/ECE_287/FALL_2024/LABS/FALL_12_LABS_DE1_SOC/VGA_ON_DE1_SOC_from_last_years/vga_driver_memory/vga_driver_memory.v Line: 43
    Warning (13410): Pin "LEDR[2]" is stuck at GND File: H:/TEACHING/ECE_287/FALL_2024/LABS/FALL_12_LABS_DE1_SOC/VGA_ON_DE1_SOC_from_last_years/vga_driver_memory/vga_driver_memory.v Line: 55
    Warning (13410): Pin "LEDR[3]" is stuck at GND File: H:/TEACHING/ECE_287/FALL_2024/LABS/FALL_12_LABS_DE1_SOC/VGA_ON_DE1_SOC_from_last_years/vga_driver_memory/vga_driver_memory.v Line: 55
    Warning (13410): Pin "LEDR[4]" is stuck at GND File: H:/TEACHING/ECE_287/FALL_2024/LABS/FALL_12_LABS_DE1_SOC/VGA_ON_DE1_SOC_from_last_years/vga_driver_memory/vga_driver_memory.v Line: 55
    Warning (13410): Pin "LEDR[5]" is stuck at GND File: H:/TEACHING/ECE_287/FALL_2024/LABS/FALL_12_LABS_DE1_SOC/VGA_ON_DE1_SOC_from_last_years/vga_driver_memory/vga_driver_memory.v Line: 55
    Warning (13410): Pin "LEDR[6]" is stuck at GND File: H:/TEACHING/ECE_287/FALL_2024/LABS/FALL_12_LABS_DE1_SOC/VGA_ON_DE1_SOC_from_last_years/vga_driver_memory/vga_driver_memory.v Line: 55
    Warning (13410): Pin "LEDR[7]" is stuck at GND File: H:/TEACHING/ECE_287/FALL_2024/LABS/FALL_12_LABS_DE1_SOC/VGA_ON_DE1_SOC_from_last_years/vga_driver_memory/vga_driver_memory.v Line: 55
    Warning (13410): Pin "LEDR[8]" is stuck at GND File: H:/TEACHING/ECE_287/FALL_2024/LABS/FALL_12_LABS_DE1_SOC/VGA_ON_DE1_SOC_from_last_years/vga_driver_memory/vga_driver_memory.v Line: 55
    Warning (13410): Pin "LEDR[9]" is stuck at GND File: H:/TEACHING/ECE_287/FALL_2024/LABS/FALL_12_LABS_DE1_SOC/VGA_ON_DE1_SOC_from_last_years/vga_driver_memory/vga_driver_memory.v Line: 55
    Warning (13410): Pin "VGA_SYNC_N" is stuck at VCC File: H:/TEACHING/ECE_287/FALL_2024/LABS/FALL_12_LABS_DE1_SOC/VGA_ON_DE1_SOC_from_last_years/vga_driver_memory/vga_driver_memory.v Line: 80
Info (286030): Timing-Driven Synthesis is running
Info (144001): Generated suppressed messages file H:/TEACHING/ECE_287/FALL_2024/LABS/FALL_12_LABS_DE1_SOC/VGA_ON_DE1_SOC_from_last_years/vga_driver_memory/output_files/vga_driver_memory.map.smsg
Info (16010): Generating hard_block partition "hard_block:auto_generated_inst"
    Info (16011): Adding 0 node(s), including 0 DDIO, 0 PLL, 0 transceiver and 0 LCELL
Warning (21074): Design contains 13 input pin(s) that do not drive logic
    Warning (15610): No output dependent on input pin "KEY[0]" File: H:/TEACHING/ECE_287/FALL_2024/LABS/FALL_12_LABS_DE1_SOC/VGA_ON_DE1_SOC_from_last_years/vga_driver_memory/vga_driver_memory.v Line: 52
    Warning (15610): No output dependent on input pin "KEY[1]" File: H:/TEACHING/ECE_287/FALL_2024/LABS/FALL_12_LABS_DE1_SOC/VGA_ON_DE1_SOC_from_last_years/vga_driver_memory/vga_driver_memory.v Line: 52
    Warning (15610): No output dependent on input pin "KEY[2]" File: H:/TEACHING/ECE_287/FALL_2024/LABS/FALL_12_LABS_DE1_SOC/VGA_ON_DE1_SOC_from_last_years/vga_driver_memory/vga_driver_memory.v Line: 52
    Warning (15610): No output dependent on input pin "KEY[3]" File: H:/TEACHING/ECE_287/FALL_2024/LABS/FALL_12_LABS_DE1_SOC/VGA_ON_DE1_SOC_from_last_years/vga_driver_memory/vga_driver_memory.v Line: 52
    Warning (15610): No output dependent on input pin "SW[1]" File: H:/TEACHING/ECE_287/FALL_2024/LABS/FALL_12_LABS_DE1_SOC/VGA_ON_DE1_SOC_from_last_years/vga_driver_memory/vga_driver_memory.v Line: 64
    Warning (15610): No output dependent on input pin "SW[2]" File: H:/TEACHING/ECE_287/FALL_2024/LABS/FALL_12_LABS_DE1_SOC/VGA_ON_DE1_SOC_from_last_years/vga_driver_memory/vga_driver_memory.v Line: 64
    Warning (15610): No output dependent on input pin "SW[3]" File: H:/TEACHING/ECE_287/FALL_2024/LABS/FALL_12_LABS_DE1_SOC/VGA_ON_DE1_SOC_from_last_years/vga_driver_memory/vga_driver_memory.v Line: 64
    Warning (15610): No output dependent on input pin "SW[4]" File: H:/TEACHING/ECE_287/FALL_2024/LABS/FALL_12_LABS_DE1_SOC/VGA_ON_DE1_SOC_from_last_years/vga_driver_memory/vga_driver_memory.v Line: 64
    Warning (15610): No output dependent on input pin "SW[5]" File: H:/TEACHING/ECE_287/FALL_2024/LABS/FALL_12_LABS_DE1_SOC/VGA_ON_DE1_SOC_from_last_years/vga_driver_memory/vga_driver_memory.v Line: 64
    Warning (15610): No output dependent on input pin "SW[6]" File: H:/TEACHING/ECE_287/FALL_2024/LABS/FALL_12_LABS_DE1_SOC/VGA_ON_DE1_SOC_from_last_years/vga_driver_memory/vga_driver_memory.v Line: 64
    Warning (15610): No output dependent on input pin "SW[7]" File: H:/TEACHING/ECE_287/FALL_2024/LABS/FALL_12_LABS_DE1_SOC/VGA_ON_DE1_SOC_from_last_years/vga_driver_memory/vga_driver_memory.v Line: 64
    Warning (15610): No output dependent on input pin "SW[8]" File: H:/TEACHING/ECE_287/FALL_2024/LABS/FALL_12_LABS_DE1_SOC/VGA_ON_DE1_SOC_from_last_years/vga_driver_memory/vga_driver_memory.v Line: 64
    Warning (15610): No output dependent on input pin "SW[9]" File: H:/TEACHING/ECE_287/FALL_2024/LABS/FALL_12_LABS_DE1_SOC/VGA_ON_DE1_SOC_from_last_years/vga_driver_memory/vga_driver_memory.v Line: 64
Info (21057): Implemented 164 device resources after synthesis - the final resource count might be different
    Info (21058): Implemented 15 input pins
    Info (21059): Implemented 67 output pins
    Info (21061): Implemented 82 logic cells
Info: Quartus Prime Analysis & Synthesis was successful. 0 errors, 53 warnings
    Info: Peak virtual memory: 4867 megabytes
    Info: Processing ended: Thu Oct 31 10:18:31 2024
    Info: Elapsed time: 00:00:09
    Info: Total CPU time (on all processors): 00:00:03


+------------------------------------------+
; Analysis & Synthesis Suppressed Messages ;
+------------------------------------------+
The suppressed messages can be found in H:/TEACHING/ECE_287/FALL_2024/LABS/FALL_12_LABS_DE1_SOC/VGA_ON_DE1_SOC_from_last_years/vga_driver_memory/output_files/vga_driver_memory.map.smsg.


